{"name": "test_products_group", "status": "broken", "statusDetails": {"message": "selenium.common.exceptions.ElementClickInterceptedException: Message: element click intercepted: Element <a href=\"https://test.qa.studio?products_group=sale\" class=\"tab-sale \">...</a> is not clickable at point (900, 748). Other element would receive the click: <div class=\"catalog-toolbar-tabs__content\">...</div>\n  (Session info: chrome=107.0.5304.107)\nStacktrace:\nBacktrace:\n\tOrdinal0 [0x00F8ACD3+2075859]\n\tOrdinal0 [0x00F1EE61+1633889]\n\tOrdinal0 [0x00E1B7BD+571325]\n\tOrdinal0 [0x00E51499+791705]\n\tOrdinal0 [0x00E4F4AC+783532]\n\tOrdinal0 [0x00E4D0AB+774315]\n\tOrdinal0 [0x00E4BD37+769335]\n\tOrdinal0 [0x00E41C76+728182]\n\tOrdinal0 [0x00E6731C+881436]\n\tOrdinal0 [0x00E415BF+726463]\n\tOrdinal0 [0x00E67534+881972]\n\tOrdinal0 [0x00E7B56A+963946]\n\tOrdinal0 [0x00E67136+880950]\n\tOrdinal0 [0x00E3FEFD+720637]\n\tOrdinal0 [0x00E40F3F+724799]\n\tGetHandleVerifier [0x0123EED2+2769538]\n\tGetHandleVerifier [0x01230D95+2711877]\n\tGetHandleVerifier [0x0101A03A+521194]\n\tGetHandleVerifier [0x01018DA0+516432]\n\tOrdinal0 [0x00F2682C+1665068]\n\tOrdinal0 [0x00F2B128+1683752]\n\tOrdinal0 [0x00F2B215+1683989]\n\tOrdinal0 [0x00F36484+1729668]\n\tBaseThreadInitThunk [0x7604FEF9+25]\n\tRtlGetAppContainerNamedObjectPath [0x77327BBE+286]\n\tRtlGetAppContainerNamedObjectPath [0x77327B8E+238]", "trace": "tests\\test_shop.py:47: in test_products_group\n    element.click()\n        browser    = <selenium.webdriver.chrome.webdriver.WebDriver (session=\"20b9044bc6172cffc16031c0914eb08e\")>\n        element    = <selenium.webdriver.remote.webelement.WebElement (session=\"20b9044bc6172cffc16031c0914eb08e\", element=\"270c8aa4-63d6-40d8-9c7a-586655aebf4a\")>\n        elements   = [<selenium.webdriver.remote.webelement.WebElement (session=\"20b9044bc6172cffc16031c0914eb08e\", element=\"36aa2f0f-2b47-...te.webelement.WebElement (session=\"20b9044bc6172cffc16031c0914eb08e\", element=\"991e0251-2ed3-4a01-9eab-0e4c4677936d\")>]\n        expected_menu = [('Все', '', \"[class='tab-all active']\"), ('Бестселлеры', '/?products_group=best_sellers', \"[class='tab-best_sellers '... '/?products_group=new', \"[class='tab-new ']\"), ('Распродажа товаров', '/?products_group=sale', \"[class='tab-sale ']\")]\n        item       = ('Распродажа товаров', '/?products_group=sale', \"[class='tab-sale ']\")\n        menu_element = \"[class='catalog-toolbar-tabs__content'] a\"\nC:\\Users\\User\\AppData\\Local\\Programs\\Python\\Python310\\lib\\site-packages\\selenium\\webdriver\\remote\\webelement.py:88: in click\n    self._execute(Command.CLICK_ELEMENT)\n        self       = <selenium.webdriver.remote.webelement.WebElement (session=\"20b9044bc6172cffc16031c0914eb08e\", element=\"270c8aa4-63d6-40d8-9c7a-586655aebf4a\")>\nC:\\Users\\User\\AppData\\Local\\Programs\\Python\\Python310\\lib\\site-packages\\selenium\\webdriver\\remote\\webelement.py:396: in _execute\n    return self._parent.execute(command, params)\n        command    = 'clickElement'\n        params     = {'id': '270c8aa4-63d6-40d8-9c7a-586655aebf4a', 'sessionId': '20b9044bc6172cffc16031c0914eb08e'}\n        self       = <selenium.webdriver.remote.webelement.WebElement (session=\"20b9044bc6172cffc16031c0914eb08e\", element=\"270c8aa4-63d6-40d8-9c7a-586655aebf4a\")>\nC:\\Users\\User\\AppData\\Local\\Programs\\Python\\Python310\\lib\\site-packages\\selenium\\webdriver\\remote\\webdriver.py:428: in execute\n    self.error_handler.check_response(response)\n        driver_command = 'clickElement'\n        params     = {'id': '270c8aa4-63d6-40d8-9c7a-586655aebf4a'}\n        response   = {'status': 400, 'value': '{\"value\":{\"error\":\"element click intercepted\",\"message\":\"element click intercepted: Element ...\\n\\\\tRtlGetAppContainerNamedObjectPath [0x77327BBE+286]\\\\n\\\\tRtlGetAppContainerNamedObjectPath [0x77327B8E+238]\\\\n\"}}'}\n        self       = <selenium.webdriver.chrome.webdriver.WebDriver (session=\"20b9044bc6172cffc16031c0914eb08e\")>\nC:\\Users\\User\\AppData\\Local\\Programs\\Python\\Python310\\lib\\site-packages\\selenium\\webdriver\\remote\\errorhandler.py:243: in check_response\n    raise exception_class(message, screen, stacktrace)\nE   selenium.common.exceptions.ElementClickInterceptedException: Message: element click intercepted: Element <a href=\"https://test.qa.studio?products_group=sale\" class=\"tab-sale \">...</a> is not clickable at point (900, 748). Other element would receive the click: <div class=\"catalog-toolbar-tabs__content\">...</div>\nE     (Session info: chrome=107.0.5304.107)\nE   Stacktrace:\nE   Backtrace:\nE   \tOrdinal0 [0x00F8ACD3+2075859]\nE   \tOrdinal0 [0x00F1EE61+1633889]\nE   \tOrdinal0 [0x00E1B7BD+571325]\nE   \tOrdinal0 [0x00E51499+791705]\nE   \tOrdinal0 [0x00E4F4AC+783532]\nE   \tOrdinal0 [0x00E4D0AB+774315]\nE   \tOrdinal0 [0x00E4BD37+769335]\nE   \tOrdinal0 [0x00E41C76+728182]\nE   \tOrdinal0 [0x00E6731C+881436]\nE   \tOrdinal0 [0x00E415BF+726463]\nE   \tOrdinal0 [0x00E67534+881972]\nE   \tOrdinal0 [0x00E7B56A+963946]\nE   \tOrdinal0 [0x00E67136+880950]\nE   \tOrdinal0 [0x00E3FEFD+720637]\nE   \tOrdinal0 [0x00E40F3F+724799]\nE   \tGetHandleVerifier [0x0123EED2+2769538]\nE   \tGetHandleVerifier [0x01230D95+2711877]\nE   \tGetHandleVerifier [0x0101A03A+521194]\nE   \tGetHandleVerifier [0x01018DA0+516432]\nE   \tOrdinal0 [0x00F2682C+1665068]\nE   \tOrdinal0 [0x00F2B128+1683752]\nE   \tOrdinal0 [0x00F2B215+1683989]\nE   \tOrdinal0 [0x00F36484+1729668]\nE   \tBaseThreadInitThunk [0x7604FEF9+25]\nE   \tRtlGetAppContainerNamedObjectPath [0x77327BBE+286]\nE   \tRtlGetAppContainerNamedObjectPath [0x77327B8E+238]\n        exception_class = <class 'selenium.common.exceptions.ElementClickInterceptedException'>\n        json       = <module 'json' from 'C:\\\\Users\\\\User\\\\AppData\\\\Local\\\\Programs\\\\Python\\\\Python310\\\\lib\\\\json\\\\__init__.py'>\n        message    = 'element click intercepted: Element <a href=\"https://test.qa.studio?products_group=sale\" class=\"tab-sale \">...</a> is ...would receive the click: <div class=\"catalog-toolbar-tabs__content\">...</div>\\n  (Session info: chrome=107.0.5304.107)'\n        response   = {'status': 400, 'value': '{\"value\":{\"error\":\"element click intercepted\",\"message\":\"element click intercepted: Element ...\\n\\\\tRtlGetAppContainerNamedObjectPath [0x77327BBE+286]\\\\n\\\\tRtlGetAppContainerNamedObjectPath [0x77327B8E+238]\\\\n\"}}'}\n        screen     = None\n        self       = <selenium.webdriver.remote.errorhandler.ErrorHandler object at 0x000001B5DB698B20>\n        st_value   = 'Backtrace:\\n\\tOrdinal0 [0x00F8ACD3+2075859]\\n\\tOrdinal0 [0x00F1EE61+1633889]\\n\\tOrdinal0 [0x00E1B7BD+571325]\\n\\tOrdin...FEF9+25]\\n\\tRtlGetAppContainerNamedObjectPath [0x77327BBE+286]\\n\\tRtlGetAppContainerNamedObjectPath [0x77327B8E+238]\\n'\n        stacktrace = ['Backtrace:', '\\tOrdinal0 [0x00F8ACD3+2075859]', '\\tOrdinal0 [0x00F1EE61+1633889]', '\\tOrdinal0 [0x00E1B7BD+571325]', '\\tOrdinal0 [0x00E51499+791705]', '\\tOrdinal0 [0x00E4F4AC+783532]', ...]\n        status     = 'element click intercepted'\n        value      = {'error': 'element click intercepted', 'message': 'element click intercepted: Element <a href=\"https://test.qa.studio?...EF9+25]\\n\\tRtlGetAppContainerNamedObjectPath [0x77327BBE+286]\\n\\tRtlGetAppContainerNamedObjectPath [0x77327B8E+238]\\n'}\n        value_json = '{\"value\":{\"error\":\"element click intercepted\",\"message\":\"element click intercepted: Element \\\\u003Ca href=\\\\\"https://...\\\\n\\\\tRtlGetAppContainerNamedObjectPath [0x77327BBE+286]\\\\n\\\\tRtlGetAppContainerNamedObjectPath [0x77327B8E+238]\\\\n\"}}'"}, "description": "\n    Test case TC-2\n    ", "start": 1668364314202, "stop": 1668364317768, "uuid": "de970e01-c117-4254-ab51-ef6cc47fa6dc", "historyId": "09ac6b905e7ac66417c95d86a058a7ca", "testCaseId": "4fdd6adba16e950b161eae73ef4ccb14", "fullName": "tests.test_shop#test_products_group", "labels": [{"name": "parentSuite", "value": "tests"}, {"name": "suite", "value": "test_shop"}, {"name": "host", "value": "DESKTOP-IR5R5VL"}, {"name": "thread", "value": "6792-MainThread"}, {"name": "framework", "value": "pytest"}, {"name": "language", "value": "cpython3"}, {"name": "package", "value": "tests.test_shop"}]}